<?xml version="1.0" encoding="UTF-8"?>
<!-- Generated by org.testng.reporters.JUnitReportReporter -->
<testsuite hostname="Meena" failures="0" tests="1" name="Sample.Demo" time="0.013" errors="0" timestamp="2024-11-15T10:48:27 IST" skipped="0">
  <testcase classname="Sample.Demo" name="Sample" time="0.013"/>
</testsuite> <!-- Sample.Demo -->
